Fitter Finalize Stage Report for pipe_RISC16bit
Mon Jul 20 20:19:02 2020
Quartus Prime Version 20.2.0 Build 50 06/11/2020 SC Pro Edition


---------------------
; Table of Contents ;
---------------------
  1. Legal Notice
  2. Finalize Messages



----------------
; Legal Notice ;
----------------
Copyright (C) 2020  Intel Corporation. All rights reserved.
Your use of Intel Corporation's design tools, logic functions 
and other software and tools, and any partner logic 
functions, and any output files from any of the foregoing 
(including device programming or simulation files), and any 
associated documentation or information are expressly subject 
to the terms and conditions of the Intel Program License 
Subscription Agreement, the Intel Quartus Prime License Agreement,
the Intel FPGA IP License Agreement, or other applicable license
agreement, including, without limitation, that your use is for
the sole purpose of programming logic devices manufactured by
Intel and sold by Intel or its authorized distributors.  Please
refer to the applicable agreement for further details, at
https://fpgasoftware.intel.com/eula.



+-------------------+
; Finalize Messages ;
+-------------------+
Info (20030): Parallel compilation is enabled and will use 2 of the 2 processors detected
Info: *******************************************************************
Info: Running Quartus Prime Fitter
    Info: Version 20.2.0 Build 50 06/11/2020 SC Pro Edition
    Info: Processing started: Mon Jul 20 20:17:47 2020
    Info: System process ID: 7241
Info: Command: quartus_fit --read_settings_files=on --write_settings_files=off pipe_RISC16bit -c pipe_RISC16bit
Info: qfit2_default_script.tcl version: #1
Info: Project  = pipe_RISC16bit
Info: Revision = pipe_RISC16bit
Info (11888): Total time spent on timing analysis during Post-Routing is 0.00 seconds.
Info (16557): Fitter post-fit operations ending: elapsed time is 00:00:07


